
2022-08-02 19:34:17 127.0.0.1
Table 'webasyst1.wa_app_settings' doesn't exist
## wa-system/database/waDbMysqliAdapter.class.php(491)
#0 wa-system/database/waDbMysqliAdapter.class.php(189): waDbMysqliAdapter->exception()
#1 wa-system/database/waModel.class.php(194): waDbMysqliAdapter->schema('wa_app_settings', false)
#2 wa-system/webasyst/lib/models/waAppSettings.model.php(114): waModel->describe('wa_app_settings', false)
#3 wa-system/database/waModel.class.php(149): waAppSettingsModel->describe()
#4 wa-system/database/waModel.class.php(99): waModel->getFields()
#5 wa-system/database/waModel.class.php(78): waModel->getMetadata()
#6 wa-system/contact/waContact.class.php(67): waModel->__construct()
#7 wa-system/user/waUser.class.php(22): waContact->init()
#8 wa-system/user/waAuthUser.class.php(32): waUser->init()
#9 wa-system/user/waAuthUser.class.php(27): waAuthUser->init()
#10 wa-system/waSystem.class.php(251): waAuthUser->__construct(NULL, Array)
#11 wa-system/waSystem.class.php(293): waSystem::getCommonFactory('auth_user', 'waAuthUser', Array, NULL)
#12 wa-system/controller/waDispatch.class.php(115): waSystem->getUser()
#13 wa-system/controller/waDispatch.class.php(32): waDispatch->dispatchBackend('webasyst/')
#14 wa-system/waSystem.class.php(610): waDispatch->dispatch()
#15 index.php(7): waSystem->dispatch()
#16 {main}

2022-08-02 19:34:17 127.0.0.1
Table 'webasyst1.wa_app_settings' doesn't exist
## wa-system/database/waDbMysqliAdapter.class.php(491)
#0 wa-system/database/waDbMysqliAdapter.class.php(189): waDbMysqliAdapter->exception()
#1 wa-system/database/waModel.class.php(194): waDbMysqliAdapter->schema('wa_app_settings', false)
#2 wa-system/webasyst/lib/models/waAppSettings.model.php(114): waModel->describe('wa_app_settings', false)
#3 wa-system/database/waModel.class.php(149): waAppSettingsModel->describe()
#4 wa-system/database/waModel.class.php(99): waModel->getFields()
#5 wa-system/database/waModel.class.php(78): waModel->getMetadata()
#6 wa-system/config/waAppConfig.class.php(251): waModel->__construct()
#7 wa-system/waSystem.class.php(102): waAppConfig->checkUpdates()
#8 wa-system/waSystem.class.php(1492): waSystem::getInstance('webasyst', Object(webasystConfig), false)
#9 wa-system/webasyst/lib/models/waAppSettings.model.php(118): wa('webasyst')
#10 wa-system/database/waModel.class.php(149): waAppSettingsModel->describe()
#11 wa-system/database/waModel.class.php(99): waModel->getFields()
#12 wa-system/database/waModel.class.php(78): waModel->getMetadata()
#13 wa-system/contact/waContact.class.php(67): waModel->__construct()
#14 wa-system/user/waUser.class.php(22): waContact->init()
#15 wa-system/user/waAuthUser.class.php(32): waUser->init()
#16 wa-system/user/waAuthUser.class.php(27): waAuthUser->init()
#17 wa-system/waSystem.class.php(251): waAuthUser->__construct(NULL, Array)
#18 wa-system/waSystem.class.php(293): waSystem::getCommonFactory('auth_user', 'waAuthUser', Array, NULL)
#19 wa-system/controller/waDispatch.class.php(115): waSystem->getUser()
#20 wa-system/controller/waDispatch.class.php(32): waDispatch->dispatchBackend('webasyst/')
#21 wa-system/waSystem.class.php(610): waDispatch->dispatch()
#22 index.php(7): waSystem->dispatch()
#23 {main}

2022-08-02 19:34:17 127.0.0.1
Table 'webasyst1.wa_app_settings' doesn't exist
## wa-system/database/waDbMysqliAdapter.class.php(491)
#0 wa-system/database/waDbMysqliAdapter.class.php(189): waDbMysqliAdapter->exception()
#1 wa-system/database/waModel.class.php(194): waDbMysqliAdapter->schema('wa_app_settings', false)
#2 wa-system/webasyst/lib/models/waAppSettings.model.php(119): waModel->describe('wa_app_settings', false)
#3 wa-system/database/waModel.class.php(149): waAppSettingsModel->describe()
#4 wa-system/database/waModel.class.php(99): waModel->getFields()
#5 wa-system/database/waModel.class.php(78): waModel->getMetadata()
#6 wa-system/config/waAppConfig.class.php(251): waModel->__construct()
#7 wa-system/waSystem.class.php(102): waAppConfig->checkUpdates()
#8 wa-system/waSystem.class.php(1492): waSystem::getInstance('webasyst', Object(webasystConfig), false)
#9 wa-system/webasyst/lib/models/waAppSettings.model.php(118): wa('webasyst')
#10 wa-system/database/waModel.class.php(149): waAppSettingsModel->describe()
#11 wa-system/database/waModel.class.php(99): waModel->getFields()
#12 wa-system/database/waModel.class.php(78): waModel->getMetadata()
#13 wa-system/contact/waContact.class.php(67): waModel->__construct()
#14 wa-system/user/waUser.class.php(22): waContact->init()
#15 wa-system/user/waAuthUser.class.php(32): waUser->init()
#16 wa-system/user/waAuthUser.class.php(27): waAuthUser->init()
#17 wa-system/waSystem.class.php(251): waAuthUser->__construct(NULL, Array)
#18 wa-system/waSystem.class.php(293): waSystem::getCommonFactory('auth_user', 'waAuthUser', Array, NULL)
#19 wa-system/controller/waDispatch.class.php(115): waSystem->getUser()
#20 wa-system/controller/waDispatch.class.php(32): waDispatch->dispatchBackend('webasyst/')
#21 wa-system/waSystem.class.php(610): waDispatch->dispatch()
#22 index.php(7): waSystem->dispatch()
#23 {main}

2022-08-02 23:36:42 127.0.0.1
Table 'webasyst1.opt' doesn't exist
## wa-system/database/waDbMysqliAdapter.class.php(491)
#0 wa-system/database/waDbMysqliAdapter.class.php(189): waDbMysqliAdapter->exception()
#1 wa-system/database/waModel.class.php(194): waDbMysqliAdapter->schema('opt', false)
#2 wa-system/database/waModel.class.php(149): waModel->describe()
#3 wa-system/database/waModel.class.php(99): waModel->getFields()
#4 wa-system/database/waModel.class.php(78): waModel->getMetadata()
#5 wa-apps/shop/plugins/opt/lib/shopOptPlugin.class.php(21): waModel->__construct()
#6 wa-system/event/waEvent.class.php(247): shopOptPlugin->productSave(Array, 'product_save')
#7 wa-system/event/waEvent.class.php(90): waEvent->runPlugins(Array, Array)
#8 wa-system/waSystem.class.php(1430): waEvent->run(Array)
#9 wa-apps/shop/lib/classes/shopProduct.class.php(727): waSystem->event('product_save', Array)
#10 wa-apps/shop/lib/actions/product/shopProductSave.controller.php(115): shopProduct->save(Array, true, Array)
#11 wa-system/controller/waController.class.php(21): shopProductSaveController->execute()
#12 wa-system/controller/waJsonController.class.php(28): waController->run(NULL)
#13 wa-system/controller/waFrontController.class.php(263): waJsonController->run(NULL)
#14 wa-apps/shop/lib/classes/shopFrontController.class.php(22): waFrontController->runController(Object(shopProductSaveController), NULL)
#15 wa-system/controller/waFrontController.class.php(190): shopFrontController->runController(Object(shopProductSaveController), NULL)
#16 wa-system/controller/waFrontController.class.php(84): waFrontController->execute(NULL, 'product', 'save')
#17 wa-system/controller/waDispatch.class.php(162): waFrontController->dispatch()
#18 wa-system/controller/waDispatch.class.php(32): waDispatch->dispatchBackend('webasyst/shop/')
#19 wa-system/waSystem.class.php(610): waDispatch->dispatch()
#20 index.php(7): waSystem->dispatch()
#21 {main}

2022-08-02 23:38:43 127.0.0.1
Table 'webasyst1.opt' doesn't exist
## wa-system/database/waDbMysqliAdapter.class.php(491)
#0 wa-system/database/waDbMysqliAdapter.class.php(189): waDbMysqliAdapter->exception()
#1 wa-system/database/waModel.class.php(194): waDbMysqliAdapter->schema('opt', false)
#2 wa-system/database/waModel.class.php(149): waModel->describe()
#3 wa-system/database/waModel.class.php(99): waModel->getFields()
#4 wa-system/database/waModel.class.php(78): waModel->getMetadata()
#5 wa-apps/shop/plugins/opt/lib/shopOptPlugin.class.php(21): waModel->__construct()
#6 wa-system/event/waEvent.class.php(247): shopOptPlugin->productSave(Array, 'product_save')
#7 wa-system/event/waEvent.class.php(90): waEvent->runPlugins(Array, Array)
#8 wa-system/waSystem.class.php(1430): waEvent->run(Array)
#9 wa-apps/shop/lib/classes/shopProduct.class.php(727): waSystem->event('product_save', Array)
#10 wa-apps/shop/lib/actions/product/shopProductSave.controller.php(115): shopProduct->save(Array, true, Array)
#11 wa-system/controller/waController.class.php(21): shopProductSaveController->execute()
#12 wa-system/controller/waJsonController.class.php(28): waController->run(NULL)
#13 wa-system/controller/waFrontController.class.php(263): waJsonController->run(NULL)
#14 wa-apps/shop/lib/classes/shopFrontController.class.php(22): waFrontController->runController(Object(shopProductSaveController), NULL)
#15 wa-system/controller/waFrontController.class.php(190): shopFrontController->runController(Object(shopProductSaveController), NULL)
#16 wa-system/controller/waFrontController.class.php(84): waFrontController->execute(NULL, 'product', 'save')
#17 wa-system/controller/waDispatch.class.php(162): waFrontController->dispatch()
#18 wa-system/controller/waDispatch.class.php(32): waDispatch->dispatchBackend('webasyst/shop/')
#19 wa-system/waSystem.class.php(610): waDispatch->dispatch()
#20 index.php(7): waSystem->dispatch()
#21 {main}

2022-08-02 23:38:51 127.0.0.1
Table 'webasyst1.opt' doesn't exist
## wa-system/database/waDbMysqliAdapter.class.php(491)
#0 wa-system/database/waDbMysqliAdapter.class.php(189): waDbMysqliAdapter->exception()
#1 wa-system/database/waModel.class.php(194): waDbMysqliAdapter->schema('opt', false)
#2 wa-system/database/waModel.class.php(149): waModel->describe()
#3 wa-system/database/waModel.class.php(99): waModel->getFields()
#4 wa-system/database/waModel.class.php(78): waModel->getMetadata()
#5 wa-apps/shop/plugins/opt/lib/shopOptPlugin.class.php(21): waModel->__construct()
#6 wa-system/event/waEvent.class.php(247): shopOptPlugin->productSave(Array, 'product_save')
#7 wa-system/event/waEvent.class.php(90): waEvent->runPlugins(Array, Array)
#8 wa-system/waSystem.class.php(1430): waEvent->run(Array)
#9 wa-apps/shop/lib/classes/shopProduct.class.php(727): waSystem->event('product_save', Array)
#10 wa-apps/shop/lib/actions/product/shopProductSave.controller.php(115): shopProduct->save(Array, true, Array)
#11 wa-system/controller/waController.class.php(21): shopProductSaveController->execute()
#12 wa-system/controller/waJsonController.class.php(28): waController->run(NULL)
#13 wa-system/controller/waFrontController.class.php(263): waJsonController->run(NULL)
#14 wa-apps/shop/lib/classes/shopFrontController.class.php(22): waFrontController->runController(Object(shopProductSaveController), NULL)
#15 wa-system/controller/waFrontController.class.php(190): shopFrontController->runController(Object(shopProductSaveController), NULL)
#16 wa-system/controller/waFrontController.class.php(84): waFrontController->execute(NULL, 'product', 'save')
#17 wa-system/controller/waDispatch.class.php(162): waFrontController->dispatch()
#18 wa-system/controller/waDispatch.class.php(32): waDispatch->dispatchBackend('webasyst/shop/')
#19 wa-system/waSystem.class.php(610): waDispatch->dispatch()
#20 index.php(7): waSystem->dispatch()
#21 {main}

2022-08-02 23:48:44 127.0.0.1
Query Error 1364: Field 'datetime' doesn't have a default value
Query: INSERT  INTO shop_opt
                   (`sku_id`, `opt_price`) VALUES ('1', '45000') ON DUPLICATE KEY UPDATE `sku_id` = VALUES(`sku_id`),`opt_price` = VALUES(`opt_price`)
## wa-system/database/waModel.class.php(266)
#0 wa-system/database/waModel.class.php(367): waModel->run('INSERT  INTO sh...')
#1 wa-system/database/waModel.class.php(620): waModel->query('INSERT  INTO sh...')
#2 wa-apps/shop/plugins/opt/lib/shopOptPlugin.class.php(32): waModel->insert(Array, 1)
#3 wa-system/event/waEvent.class.php(247): shopOptPlugin->productSave(Array, 'product_save')
#4 wa-system/event/waEvent.class.php(90): waEvent->runPlugins(Array, Array)
#5 wa-system/waSystem.class.php(1430): waEvent->run(Array)
#6 wa-apps/shop/lib/classes/shopProduct.class.php(727): waSystem->event('product_save', Array)
#7 wa-apps/shop/lib/actions/product/shopProductSave.controller.php(115): shopProduct->save(Array, true, Array)
#8 wa-system/controller/waController.class.php(21): shopProductSaveController->execute()
#9 wa-system/controller/waJsonController.class.php(28): waController->run(NULL)
#10 wa-system/controller/waFrontController.class.php(263): waJsonController->run(NULL)
#11 wa-apps/shop/lib/classes/shopFrontController.class.php(22): waFrontController->runController(Object(shopProductSaveController), NULL)
#12 wa-system/controller/waFrontController.class.php(190): shopFrontController->runController(Object(shopProductSaveController), NULL)
#13 wa-system/controller/waFrontController.class.php(84): waFrontController->execute(NULL, 'product', 'save')
#14 wa-system/controller/waDispatch.class.php(162): waFrontController->dispatch()
#15 wa-system/controller/waDispatch.class.php(32): waDispatch->dispatchBackend('webasyst/shop/')
#16 wa-system/waSystem.class.php(610): waDispatch->dispatch()
#17 index.php(7): waSystem->dispatch()
#18 {main}

2022-08-02 23:49:31 127.0.0.1
Query Error 1364: Field 'datetime' doesn't have a default value
Query: INSERT  INTO shop_opt
                   (`sku_id`, `opt_price`) VALUES ('1', '45000') ON DUPLICATE KEY UPDATE `sku_id` = VALUES(`sku_id`),`opt_price` = VALUES(`opt_price`)
## wa-system/database/waModel.class.php(266)
#0 wa-system/database/waModel.class.php(367): waModel->run('INSERT  INTO sh...')
#1 wa-system/database/waModel.class.php(620): waModel->query('INSERT  INTO sh...')
#2 wa-apps/shop/plugins/opt/lib/shopOptPlugin.class.php(32): waModel->insert(Array, 1)
#3 wa-system/event/waEvent.class.php(247): shopOptPlugin->productSave(Array, 'product_save')
#4 wa-system/event/waEvent.class.php(90): waEvent->runPlugins(Array, Array)
#5 wa-system/waSystem.class.php(1430): waEvent->run(Array)
#6 wa-apps/shop/lib/classes/shopProduct.class.php(727): waSystem->event('product_save', Array)
#7 wa-apps/shop/lib/actions/product/shopProductSave.controller.php(115): shopProduct->save(Array, true, Array)
#8 wa-system/controller/waController.class.php(21): shopProductSaveController->execute()
#9 wa-system/controller/waJsonController.class.php(28): waController->run(NULL)
#10 wa-system/controller/waFrontController.class.php(263): waJsonController->run(NULL)
#11 wa-apps/shop/lib/classes/shopFrontController.class.php(22): waFrontController->runController(Object(shopProductSaveController), NULL)
#12 wa-system/controller/waFrontController.class.php(190): shopFrontController->runController(Object(shopProductSaveController), NULL)
#13 wa-system/controller/waFrontController.class.php(84): waFrontController->execute(NULL, 'product', 'save')
#14 wa-system/controller/waDispatch.class.php(162): waFrontController->dispatch()
#15 wa-system/controller/waDispatch.class.php(32): waDispatch->dispatchBackend('webasyst/shop/')
#16 wa-system/waSystem.class.php(610): waDispatch->dispatch()
#17 index.php(7): waSystem->dispatch()
#18 {main}

2022-08-02 23:52:55 127.0.0.1
Query Error 1364: Field 'datetime' doesn't have a default value
Query: INSERT  INTO shop_opt
                   (`sku_id`, `opt_price`) VALUES ('1', '45000') ON DUPLICATE KEY UPDATE `sku_id` = VALUES(`sku_id`),`opt_price` = VALUES(`opt_price`)
## wa-system/database/waModel.class.php(266)
#0 wa-system/database/waModel.class.php(367): waModel->run('INSERT  INTO sh...')
#1 wa-system/database/waModel.class.php(620): waModel->query('INSERT  INTO sh...')
#2 wa-apps/shop/plugins/opt/lib/shopOptPlugin.class.php(33): waModel->insert(Array, 1)
#3 wa-system/event/waEvent.class.php(247): shopOptPlugin->productSave(Array, 'product_save')
#4 wa-system/event/waEvent.class.php(90): waEvent->runPlugins(Array, Array)
#5 wa-system/waSystem.class.php(1430): waEvent->run(Array)
#6 wa-apps/shop/lib/classes/shopProduct.class.php(727): waSystem->event('product_save', Array)
#7 wa-apps/shop/lib/actions/product/shopProductSave.controller.php(115): shopProduct->save(Array, true, Array)
#8 wa-system/controller/waController.class.php(21): shopProductSaveController->execute()
#9 wa-system/controller/waJsonController.class.php(28): waController->run(NULL)
#10 wa-system/controller/waFrontController.class.php(263): waJsonController->run(NULL)
#11 wa-apps/shop/lib/classes/shopFrontController.class.php(22): waFrontController->runController(Object(shopProductSaveController), NULL)
#12 wa-system/controller/waFrontController.class.php(190): shopFrontController->runController(Object(shopProductSaveController), NULL)
#13 wa-system/controller/waFrontController.class.php(84): waFrontController->execute(NULL, 'product', 'save')
#14 wa-system/controller/waDispatch.class.php(162): waFrontController->dispatch()
#15 wa-system/controller/waDispatch.class.php(32): waDispatch->dispatchBackend('webasyst/shop/')
#16 wa-system/waSystem.class.php(610): waDispatch->dispatch()
#17 index.php(7): waSystem->dispatch()
#18 {main}

2022-08-02 23:53:19 127.0.0.1
Query Error 1364: Field 'datetime' doesn't have a default value
Query: INSERT  INTO shop_opt
                   (`sku_id`, `opt_price`) VALUES ('1', '45000') ON DUPLICATE KEY UPDATE `sku_id` = VALUES(`sku_id`),`opt_price` = VALUES(`opt_price`)
## wa-system/database/waModel.class.php(266)
#0 wa-system/database/waModel.class.php(367): waModel->run('INSERT  INTO sh...')
#1 wa-system/database/waModel.class.php(620): waModel->query('INSERT  INTO sh...')
#2 wa-apps/shop/plugins/opt/lib/shopOptPlugin.class.php(33): waModel->insert(Array, 1)
#3 wa-system/event/waEvent.class.php(247): shopOptPlugin->productSave(Array, 'product_save')
#4 wa-system/event/waEvent.class.php(90): waEvent->runPlugins(Array, Array)
#5 wa-system/waSystem.class.php(1430): waEvent->run(Array)
#6 wa-apps/shop/lib/classes/shopProduct.class.php(727): waSystem->event('product_save', Array)
#7 wa-apps/shop/lib/actions/product/shopProductSave.controller.php(115): shopProduct->save(Array, true, Array)
#8 wa-system/controller/waController.class.php(21): shopProductSaveController->execute()
#9 wa-system/controller/waJsonController.class.php(28): waController->run(NULL)
#10 wa-system/controller/waFrontController.class.php(263): waJsonController->run(NULL)
#11 wa-apps/shop/lib/classes/shopFrontController.class.php(22): waFrontController->runController(Object(shopProductSaveController), NULL)
#12 wa-system/controller/waFrontController.class.php(190): shopFrontController->runController(Object(shopProductSaveController), NULL)
#13 wa-system/controller/waFrontController.class.php(84): waFrontController->execute(NULL, 'product', 'save')
#14 wa-system/controller/waDispatch.class.php(162): waFrontController->dispatch()
#15 wa-system/controller/waDispatch.class.php(32): waDispatch->dispatchBackend('webasyst/shop/')
#16 wa-system/waSystem.class.php(610): waDispatch->dispatch()
#17 index.php(7): waSystem->dispatch()
#18 {main}
